\BOOKMARK [0][-]{chapter.1}{\376\377\000I\000n\000t\000r\000o\000d\000u\000c\000t\000i\000o\000n}{}% 1
\BOOKMARK [1][-]{section.1.1}{\376\377\000R\000e\000s\000e\000a\000r\000c\000h\000\040\000Q\000u\000e\000s\000t\000i\000o\000n}{chapter.1}% 2
\BOOKMARK [1][-]{section.1.2}{\376\377\000M\000o\000t\000i\000v\000a\000t\000i\000o\000n}{chapter.1}% 3
\BOOKMARK [1][-]{section.1.3}{\376\377\000A\000p\000p\000r\000o\000a\000c\000h}{chapter.1}% 4
\BOOKMARK [1][-]{section.1.4}{\376\377\000S\000t\000r\000u\000c\000t\000u\000r\000e\000\040\000o\000f\000\040\000t\000h\000e\000\040\000D\000i\000s\000s\000e\000r\000t\000a\000t\000i\000o\000n}{chapter.1}% 5
\BOOKMARK [0][-]{chapter.2}{\376\377\000L\000i\000t\000e\000r\000a\000t\000u\000r\000e\000\040\000R\000e\000v\000i\000e\000w}{}% 6
\BOOKMARK [1][-]{section.2.1}{\376\377\000O\000i\000l\000\040\000P\000r\000i\000c\000e\000s\000\040\000a\000n\000d\000\040\000M\000a\000c\000r\000o\000e\000c\000o\000n\000o\000m\000i\000c\000\040\000P\000e\000r\000f\000o\000r\000m\000a\000n\000c\000e}{chapter.2}% 7
\BOOKMARK [1][-]{section.2.2}{\376\377\000A\000s\000y\000m\000m\000e\000t\000r\000i\000c\000\040\000P\000a\000s\000s\000-\000T\000h\000r\000o\000u\000g\000h\000:\000\040\000R\000o\000c\000k\000e\000t\000s\000\040\000a\000n\000d\000\040\000F\000e\000a\000t\000h\000e\000r\000s}{chapter.2}% 8
\BOOKMARK [1][-]{section.2.3}{\376\377\000O\000i\000l\000\040\000P\000a\000s\000s\000-\000T\000h\000r\000o\000u\000g\000h\000\040\000i\000n\000\040\000E\000m\000e\000r\000g\000i\000n\000g\000\040\000E\000c\000o\000n\000o\000m\000i\000e\000s}{chapter.2}% 9
\BOOKMARK [1][-]{section.2.4}{\376\377\000I\000n\000d\000i\000a\000-\000S\000p\000e\000c\000i\000f\000i\000c\000\040\000S\000t\000u\000d\000i\000e\000s}{chapter.2}% 10
\BOOKMARK [1][-]{section.2.5}{\376\377\000T\000h\000e\000\040\000E\000x\000c\000h\000a\000n\000g\000e\000\040\000R\000a\000t\000e\000\040\000C\000h\000a\000n\000n\000e\000l}{chapter.2}% 11
\BOOKMARK [1][-]{section.2.6}{\376\377\000G\000a\000p\000s\000\040\000i\000n\000\040\000t\000h\000e\000\040\000L\000i\000t\000e\000r\000a\000t\000u\000r\000e}{chapter.2}% 12
\BOOKMARK [0][-]{chapter.3}{\376\377\000D\000a\000t\000a\000\040\000a\000n\000d\000\040\000M\000e\000t\000h\000o\000d\000o\000l\000o\000g\000y}{}% 13
\BOOKMARK [1][-]{section.3.1}{\376\377\000D\000a\000t\000a\000\040\000S\000o\000u\000r\000c\000e\000s\000\040\000a\000n\000d\000\040\000S\000a\000m\000p\000l\000e\000\040\000P\000e\000r\000i\000o\000d}{chapter.3}% 14
\BOOKMARK [1][-]{section.3.2}{\376\377\000V\000a\000r\000i\000a\000b\000l\000e\000\040\000C\000o\000n\000s\000t\000r\000u\000c\000t\000i\000o\000n}{chapter.3}% 15
\BOOKMARK [1][-]{section.3.3}{\376\377\000P\000o\000l\000i\000c\000y\000\040\000a\000n\000d\000\040\000E\000v\000e\000n\000t\000\040\000C\000o\000n\000t\000r\000o\000l\000s}{chapter.3}% 16
\BOOKMARK [1][-]{section.3.4}{\376\377\000E\000c\000o\000n\000o\000m\000e\000t\000r\000i\000c\000\040\000F\000r\000a\000m\000e\000w\000o\000r\000k}{chapter.3}% 17
\BOOKMARK [2][-]{subsection.3.4.1}{\376\377\000B\000a\000s\000e\000l\000i\000n\000e\000\040\000S\000y\000m\000m\000e\000t\000r\000i\000c\000\040\000A\000D\000L}{section.3.4}% 18
\BOOKMARK [2][-]{subsection.3.4.2}{\376\377\000A\000s\000y\000m\000m\000e\000t\000r\000i\000c\000\040\000A\000D\000L\000\040\000M\000o\000d\000e\000l}{section.3.4}% 19
\BOOKMARK [2][-]{subsection.3.4.3}{\376\377\000I\000n\000f\000e\000r\000e\000n\000c\000e}{section.3.4}% 20
\BOOKMARK [2][-]{subsection.3.4.4}{\376\377\000R\000o\000b\000u\000s\000t\000n\000e\000s\000s\000:\000\040\000B\000r\000e\000n\000t\000\040\000P\000l\000u\000s\000\040\000E\000x\000c\000h\000a\000n\000g\000e\000\040\000R\000a\000t\000e\000\040\000S\000p\000e\000c\000i\000f\000i\000c\000a\000t\000i\000o\000n}{section.3.4}% 21
\BOOKMARK [0][-]{chapter.4}{\376\377\000E\000m\000p\000i\000r\000i\000c\000a\000l\000\040\000R\000e\000s\000u\000l\000t\000s}{}% 22
\BOOKMARK [1][-]{section.4.1}{\376\377\000U\000n\000i\000t\000\040\000R\000o\000o\000t\000\040\000T\000e\000s\000t\000s}{chapter.4}% 23
\BOOKMARK [1][-]{section.4.2}{\376\377\000B\000a\000s\000e\000l\000i\000n\000e\000\040\000S\000y\000m\000m\000e\000t\000r\000i\000c\000\040\000A\000D\000L}{chapter.4}% 24
\BOOKMARK [1][-]{section.4.3}{\376\377\000M\000a\000i\000n\000\040\000A\000s\000y\000m\000m\000e\000t\000r\000i\000c\000\040\000A\000D\000L\000\040\000M\000o\000d\000e\000l}{chapter.4}% 25
\BOOKMARK [2][-]{subsection.4.3.1}{\376\377\000L\000a\000g\000\040\000O\000r\000d\000e\000r\000\040\000S\000e\000l\000e\000c\000t\000i\000o\000n}{section.4.3}% 26
\BOOKMARK [2][-]{subsection.4.3.2}{\376\377\000M\000a\000i\000n\000\040\000E\000s\000t\000i\000m\000a\000t\000e\000s}{section.4.3}% 27
\BOOKMARK [2][-]{subsection.4.3.3}{\376\377\000I\000n\000t\000e\000r\000p\000r\000e\000t\000i\000n\000g\000\040\000t\000h\000e\000\040\000R\000e\000s\000u\000l\000t\000s}{section.4.3}% 28
\BOOKMARK [1][-]{section.4.4}{\376\377\000S\000u\000b\000-\000S\000a\000m\000p\000l\000e\000\040\000A\000n\000a\000l\000y\000s\000i\000s}{chapter.4}% 29
\BOOKMARK [1][-]{section.4.5}{\376\377\000D\000i\000a\000g\000n\000o\000s\000t\000i\000c\000\040\000T\000e\000s\000t\000s}{chapter.4}% 30
\BOOKMARK [0][-]{chapter.5}{\376\377\000R\000o\000b\000u\000s\000t\000n\000e\000s\000s\000\040\000a\000n\000d\000\040\000S\000e\000n\000s\000i\000t\000i\000v\000i\000t\000y\000\040\000A\000n\000a\000l\000y\000s\000i\000s}{}% 31
\BOOKMARK [1][-]{section.5.1}{\376\377\000L\000a\000g\000\040\000S\000e\000n\000s\000i\000t\000i\000v\000i\000t\000y}{chapter.5}% 32
\BOOKMARK [1][-]{section.5.2}{\376\377\000B\000r\000e\000n\000t\000\040\000P\000l\000u\000s\000\040\000E\000x\000c\000h\000a\000n\000g\000e\000\040\000R\000a\000t\000e\000\040\000S\000p\000e\000c\000i\000f\000i\000c\000a\000t\000i\000o\000n}{chapter.5}% 33
\BOOKMARK [1][-]{section.5.3}{\376\377\000C\000O\000V\000I\000D\000\040\000S\000e\000n\000s\000i\000t\000i\000v\000i\000t\000y}{chapter.5}% 34
\BOOKMARK [1][-]{section.5.4}{\376\377\000W\000i\000n\000s\000o\000r\000i\000z\000e\000d\000\040\000O\000i\000l\000\040\000S\000h\000o\000c\000k\000s}{chapter.5}% 35
\BOOKMARK [1][-]{section.5.5}{\376\377\000R\000o\000l\000l\000i\000n\000g\000\040\000W\000i\000n\000d\000o\000w\000\040\000A\000n\000a\000l\000y\000s\000i\000s}{chapter.5}% 36
\BOOKMARK [1][-]{section.5.6}{\376\377\000R\000e\000s\000i\000d\000u\000a\000l\000\040\000D\000i\000a\000g\000n\000o\000s\000t\000i\000c\000s}{chapter.5}% 37
\BOOKMARK [1][-]{section.5.7}{\376\377\000O\000i\000l\000\040\000P\000r\000i\000c\000e\000\040\000R\000e\000g\000i\000m\000e\000s}{chapter.5}% 38
\BOOKMARK [0][-]{chapter.6}{\376\377\000D\000i\000s\000c\000u\000s\000s\000i\000o\000n\000\040\000a\000n\000d\000\040\000P\000o\000l\000i\000c\000y\000\040\000I\000m\000p\000l\000i\000c\000a\000t\000i\000o\000n\000s}{}% 39
\BOOKMARK [1][-]{section.6.1}{\376\377\000W\000h\000y\000\040\000H\000e\000a\000d\000l\000i\000n\000e\000\040\000C\000P\000I\000\040\000P\000a\000s\000s\000-\000T\000h\000r\000o\000u\000g\000h\000\040\000I\000s\000\040\000M\000o\000d\000e\000s\000t}{chapter.6}% 40
\BOOKMARK [1][-]{section.6.2}{\376\377\000T\000h\000e\000\040\000E\000x\000c\000h\000a\000n\000g\000e\000\040\000R\000a\000t\000e\000\040\000C\000h\000a\000n\000n\000e\000l}{chapter.6}% 41
\BOOKMARK [1][-]{section.6.3}{\376\377\000D\000e\000r\000e\000g\000u\000l\000a\000t\000i\000o\000n\000\040\000a\000n\000d\000\040\000t\000h\000e\000\040\000P\000a\000s\000s\000-\000T\000h\000r\000o\000u\000g\000h\000\040\000R\000e\000g\000i\000m\000e}{chapter.6}% 42
\BOOKMARK [1][-]{section.6.4}{\376\377\000A\000s\000y\000m\000m\000e\000t\000r\000y\000:\000\040\000W\000h\000a\000t\000\040\000C\000a\000n\000\040\000a\000n\000d\000\040\000C\000a\000n\000n\000o\000t\000\040\000B\000e\000\040\000S\000a\000i\000d}{chapter.6}% 43
\BOOKMARK [1][-]{section.6.5}{\376\377\000P\000o\000l\000i\000c\000y\000\040\000I\000m\000p\000l\000i\000c\000a\000t\000i\000o\000n\000s}{chapter.6}% 44
\BOOKMARK [0][-]{chapter.7}{\376\377\000C\000o\000n\000c\000l\000u\000s\000i\000o\000n}{}% 45
\BOOKMARK [1][-]{section.7.1}{\376\377\000L\000i\000m\000i\000t\000a\000t\000i\000o\000n\000s}{chapter.7}% 46
\BOOKMARK [1][-]{section.7.2}{\376\377\000D\000i\000r\000e\000c\000t\000i\000o\000n\000s\000\040\000f\000o\000r\000\040\000F\000u\000r\000t\000h\000e\000r\000\040\000R\000e\000s\000e\000a\000r\000c\000h}{chapter.7}% 47
\BOOKMARK [0][-]{chapter*.24}{\376\377\000B\000i\000b\000l\000i\000o\000g\000r\000a\000p\000h\000y}{}% 48
\BOOKMARK [0][-]{appendix.A}{\376\377\000F\000u\000e\000l\000\040\000a\000n\000d\000\040\000L\000i\000g\000h\000t\000\040\000C\000P\000I\000\040\000A\000n\000a\000l\000y\000s\000i\000s}{}% 49
\BOOKMARK [1][-]{section.A.1}{\376\377\000D\000a\000t\000a\000\040\000a\000n\000d\000\040\000S\000a\000m\000p\000l\000e}{appendix.A}% 50
\BOOKMARK [1][-]{section.A.2}{\376\377\000R\000e\000s\000u\000l\000t\000s}{appendix.A}% 51
\BOOKMARK [1][-]{section.A.3}{\376\377\000I\000n\000t\000e\000r\000p\000r\000e\000t\000a\000t\000i\000o\000n}{appendix.A}% 52
